<?xml version="1.0" encoding="UTF-8" ?>
<testsuite errors="0" failures="0" hostname="manwe" name="hibernateonetomany.CertificateTest" skipped="0" tests="20" time="0.312" timestamp="2014-11-11T15:49:58">
  <properties>
[...]
</properties>
  <testcase classname="hibernateonetomany.CertificateTest" name="testAccessors[0]" time="0.015" />
  <testcase classname="hibernateonetomany.CertificateTest" name="testEquals[0]" time="0.0" />
  <testcase classname="hibernateonetomany.CertificateTest" name="testHashCode[0]" time="0.0" />
  <testcase classname="hibernateonetomany.CertificateTest" name="testConstructor[0]" time="0.0" />
  <testcase classname="hibernateonetomany.CertificateTest" name="testAccessors[1]" time="0.0" />
  <testcase classname="hibernateonetomany.CertificateTest" name="testEquals[1]" time="0.0" />
  <testcase classname="hibernateonetomany.CertificateTest" name="testHashCode[1]" time="0.0" />
  <testcase classname="hibernateonetomany.CertificateTest" name="testConstructor[1]" time="0.0" />
  <testcase classname="hibernateonetomany.CertificateTest" name="testAccessors[2]" time="0.0" />
  <testcase classname="hibernateonetomany.CertificateTest" name="testEquals[2]" time="0.0" />
  <testcase classname="hibernateonetomany.CertificateTest" name="testHashCode[2]" time="0.0" />
  <testcase classname="hibernateonetomany.CertificateTest" name="testConstructor[2]" time="0.0" />
  <testcase classname="hibernateonetomany.CertificateTest" name="testAccessors[3]" time="0.0" />
  <testcase classname="hibernateonetomany.CertificateTest" name="testEquals[3]" time="0.0" />
  <testcase classname="hibernateonetomany.CertificateTest" name="testHashCode[3]" time="0.0" />
  <testcase classname="hibernateonetomany.CertificateTest" name="testConstructor[3]" time="0.0" />
  <testcase classname="hibernateonetomany.CertificateTest" name="testAccessors[4]" time="0.0" />
  <testcase classname="hibernateonetomany.CertificateTest" name="testEquals[4]" time="0.0" />
  <testcase classname="hibernateonetomany.CertificateTest" name="testHashCode[4]" time="0.0" />
  <testcase classname="hibernateonetomany.CertificateTest" name="testConstructor[4]" time="0.0" />
  <system-out><![CDATA[]]></system-out>
  <system-err><![CDATA[]]></system-err>
</testsuite>
